\BOOKMARK [0][-]{section*.1}{\376\377\000R\000e\000s\000u\000m\000e\000n}{}% 1
\BOOKMARK [0][-]{chapter.7}{\376\377\000I\000n\000t\000r\000o\000d\000u\000c\000c\000i\000\363\000n\000\040\000G\000e\000n\000e\000r\000a\000l}{}% 2
\BOOKMARK [1][-]{section.8}{\376\377\000I\000n\000t\000r\000o\000d\000u\000c\000c\000i\000\363\000n}{chapter.7}% 3
\BOOKMARK [2][-]{subsection.10}{\376\377\000C\000I\000A\000A\000B\000O\000T}{section.8}% 4
\BOOKMARK [2][-]{subsection.17}{\376\377\000D\000e\000b\000u\000g\000\040\000y\000\040\000D\000e\000b\000u\000g\000g\000e\000r}{section.8}% 5
\BOOKMARK [1][-]{section.18}{\376\377\000M\000o\000t\000i\000v\000a\000c\000i\000\363\000n}{chapter.7}% 6
\BOOKMARK [1][-]{section.19}{\376\377\000O\000b\000j\000e\000t\000i\000v\000o\000s\000\040\000y\000\040\000a\000l\000c\000a\000n\000c\000e}{chapter.7}% 7
\BOOKMARK [0][-]{chapter.20}{\376\377\000I\000n\000t\000r\000o\000d\000u\000c\000c\000i\000\363\000n\000\040\000E\000s\000p\000e\000c\000\355\000f\000i\000c\000a}{}% 8
\BOOKMARK [1][-]{section.21}{\376\377\000C\000o\000m\000p\000o\000n\000e\000n\000t\000e\000s\000\040\000C\000I\000A\000A\000B\000O\000T}{chapter.20}% 9
\BOOKMARK [2][-]{subsection.23}{\376\377\000C\000I\000A\000A\000B\000O\000T\000\040\000I\000D\000E}{section.21}% 10
\BOOKMARK [2][-]{subsection.25}{\376\377\000C\000I\000A\000A\000B\000O\000T\000S}{section.21}% 11
\BOOKMARK [2][-]{subsection.26}{\376\377\000F\000i\000r\000m\000w\000a\000r\000e}{section.21}% 12
\BOOKMARK [1][-]{section.27}{\376\377\000R\000e\000q\000u\000e\000r\000i\000m\000i\000e\000n\000t\000o\000s}{chapter.20}% 13
\BOOKMARK [2][-]{subsection.28}{\376\377\000R\000e\000q\000u\000e\000r\000i\000m\000i\000e\000n\000t\000o\000s\000\040\000a\000s\000o\000c\000i\000a\000d\000o\000s\000\040\000c\000o\000n\000\040\000e\000l\000\040\000P\000r\000o\000y\000e\000c\000t\000o\000\040\000C\000I\000A\000A\000B\000O\000T}{section.27}% 14
\BOOKMARK [2][-]{subsection.29}{\376\377\000C\000o\000m\000p\000o\000n\000e\000n\000t\000e\000s\000\040\000e\000s\000t\000a\000b\000l\000e\000c\000i\000d\000o\000s\000\040\000e\000n\000\040\000C\000I\000A\000A\000B\000O\000T}{section.27}% 15
\BOOKMARK [2][-]{subsection.31}{\376\377\000F\000i\000r\000m\000w\000a\000r\000e}{section.27}% 16
\BOOKMARK [2][-]{subsection.32}{\376\377\000P\000r\000o\000c\000e\000s\000o\000s\000\040\000F\000i\000n\000a\000l\000e\000s}{section.27}% 17
\BOOKMARK [1][-]{section.33}{\376\377\000P\000l\000a\000n\000i\000f\000i\000c\000a\000c\000i\000\363\000n}{chapter.20}% 18
\BOOKMARK [2][-]{subsection.34}{\376\377\000D\000e\000s\000g\000l\000o\000s\000e\000\040\000e\000n\000\040\000t\000a\000r\000e\000a\000s}{section.33}% 19
\BOOKMARK [2][-]{subsection.44}{\376\377\000A\000c\000t\000i\000v\000i\000t\000y\000\040\000O\000n\000-\000n\000o\000d\000e}{section.33}% 20
\BOOKMARK [2][-]{subsection.47}{\376\377\000D\000i\000a\000g\000r\000a\000m\000a\000\040\000d\000e\000\040\000G\000a\000n\000t\000t}{section.33}% 21
\BOOKMARK [0][-]{chapter.52}{\376\377\000D\000i\000s\000e\000\361\000o\000\040\000e\000\040\000I\000m\000p\000l\000e\000m\000e\000n\000t\000a\000c\000i\000\363\000n}{}% 22
\BOOKMARK [1][-]{section.53}{\376\377\000D\000e\000s\000c\000r\000i\000p\000c\000i\000\363\000n\000\040\000g\000e\000n\000e\000r\000a\000l}{chapter.52}% 23
\BOOKMARK [1][-]{section.55}{\376\377\000C\000a\000s\000o\000\040\000d\000e\000\040\000e\000s\000t\000u\000d\000i\000o\000:\000\040\000d\000e\000p\000u\000r\000a\000c\000i\000\363\000n\000\040\000c\000o\000n\000\040\000e\000c\000l\000i\000p\000s\000e}{chapter.52}% 24
\BOOKMARK [2][-]{subsection.60}{\376\377\000F\000i\000r\000m\000a\000t\000a}{section.55}% 25
\BOOKMARK [1][-]{section.62}{\376\377\000S\000i\000s\000t\000e\000m\000a\000\040\000p\000a\000r\000a\000\040\000d\000e\000p\000u\000r\000a\000c\000i\000\363\000n\000\040\000p\000r\000o\000p\000u\000e\000s\000t\000o}{chapter.52}% 26
\BOOKMARK [1][-]{section.63}{\376\377\000C\000a\000r\000a\000c\000t\000e\000r\000\355\000s\000t\000i\000c\000a\000s\000\040\000d\000e\000l\000\040\000e\000n\000t\000o\000r\000n\000o\000\040\000C\000I\000A\000A\000B\000O\000T\000\040\000d\000e\000b\000u\000g}{chapter.52}% 27
\BOOKMARK [2][-]{subsection.64}{\376\377\000M\000o\000d\000o\000s\000\040\000d\000e\000\040\000f\000u\000n\000c\000i\000o\000n\000a\000m\000i\000e\000n\000t\000o}{section.63}% 28
\BOOKMARK [3][-]{section*.67}{\376\377\000D\000e\000s\000c\000o\000n\000e\000c\000t\000a\000d\000o}{subsection.64}% 29
\BOOKMARK [3][-]{section*.69}{\376\377\000C\000o\000n\000e\000c\000t\000a\000n\000d\000o}{subsection.64}% 30
\BOOKMARK [3][-]{section*.70}{\376\377\000C\000o\000n\000e\000c\000t\000a\000d\000o\000S\000i\000n\000F\000i\000r\000m\000a\000t\000a\0004\000C\000I\000A\000A}{subsection.64}% 31
\BOOKMARK [3][-]{section*.71}{\376\377\000D\000e\000s\000c\000a\000r\000g\000a\000n\000d\000o\000F\000i\000r\000m\000a\000t\000a\0004\000C\000I\000A\000A}{subsection.64}% 32
\BOOKMARK [3][-]{section*.72}{\376\377\000C\000o\000n\000e\000c\000t\000a\000d\000o\000C\000o\000n\000F\000i\000r\000m\000a\000t\000a\0004\000C\000I\000A\000A}{subsection.64}% 33
\BOOKMARK [3][-]{section*.74}{\376\377\000C\000o\000n\000e\000c\000t\000a\000d\000o\000E\000n\000S\000e\000s\000i\000o\000n\000D\000e\000D\000e\000p\000u\000r\000a\000c\000i\000\363\000n}{subsection.64}% 34
\BOOKMARK [1][-]{section.76}{\376\377\000C\000o\000n\000e\000x\000i\000\363\000n\000\040\000c\000o\000n\000\040\000l\000a\000\040\000p\000l\000a\000t\000a\000f\000o\000r\000m\000a}{chapter.52}% 35
\BOOKMARK [1][-]{section.78}{\376\377\000S\000e\000s\000i\000\363\000n\000\040\000d\000e\000\040\000d\000e\000p\000u\000r\000a\000c\000i\000\363\000n}{chapter.52}% 36
\BOOKMARK [2][-]{section*.79}{\376\377\000I\000n\000i\000c\000i\000a\000r\000/\000d\000e\000t\000e\000n\000e\000r\000\040\000s\000e\000s\000i\000\363\000n}{section.78}% 37
\BOOKMARK [3][-]{section*.83}{\376\377\000H\000e\000r\000r\000a\000m\000i\000e\000n\000t\000a\000s\000\040\000d\000e\000\040\000c\000o\000n\000t\000r\000o\000l\000\040\000d\000e\000\040\000e\000j\000e\000c\000u\000c\000i\000\363\000n}{section*.79}% 38
\BOOKMARK [3][-]{section*.93}{\376\377\000M\000e\000n\000\372\000\040\000d\000e\000\040\000v\000i\000s\000u\000a\000l\000i\000z\000a\000c\000i\000\363\000n}{section*.79}% 39
\BOOKMARK [1][-]{section.96}{\376\377\000E\000d\000i\000c\000i\000\363\000n\000\040\000d\000e\000\040\000p\000r\000o\000g\000r\000a\000m\000a}{chapter.52}% 40
\BOOKMARK [1][-]{section.97}{\376\377\000I\000m\000p\000l\000e\000m\000e\000n\000t\000a\000c\000i\000\363\000n}{chapter.52}% 41
\BOOKMARK [2][-]{subsection.98}{\376\377\000I\000m\000p\000l\000e\000n\000t\000a\000c\000i\000\363\000n\000\040\000d\000e\000\040\000l\000a\000\040\000G\000U\000I}{section.97}% 42
\BOOKMARK [2][-]{subsection.121}{\376\377\000I\000m\000p\000l\000e\000n\000t\000a\000c\000i\000\363\000n\000\040\000d\000e\000\040\000l\000o\000s\000\040\000S\000e\000r\000v\000i\000c\000i\000o\000s}{section.97}% 43
\BOOKMARK [2][-]{subsection.122}{\376\377\000D\000e\000s\000c\000a\000r\000g\000a\000r\000\040\000F\000i\000r\000m\000a\000t\000a\0004\000C\000I\000A\000A}{section.97}% 44
\BOOKMARK [2][-]{subsection.123}{\376\377\000G\000i\000t\000L\000a\000b}{section.97}% 45
\BOOKMARK [0][-]{chapter.124}{\376\377\000E\000n\000s\000a\000y\000o\000s\000\040\000y\000\040\000R\000e\000s\000u\000l\000t\000a\000d\000o\000s}{}% 46
\BOOKMARK [1][-]{section.125}{\376\377\000P\000r\000u\000e\000b\000a\000s\000\040\000f\000u\000n\000c\000i\000o\000n\000a\000l\000e\000s\000\040\000d\000e\000l\000\040\000h\000a\000r\000d\000w\000a\000r\000e}{chapter.124}% 47
\BOOKMARK [0][-]{chapter.126}{\376\377\000C\000o\000n\000c\000l\000u\000s\000i\000o\000n\000e\000s}{}% 48
\BOOKMARK [1][-]{section.127}{\376\377\000C\000o\000n\000c\000l\000u\000s\000i\000o\000n\000e\000s\000\040\000g\000e\000n\000e\000r\000a\000l\000e\000s\000\040}{chapter.126}% 49
\BOOKMARK [1][-]{section.128}{\376\377\000P\000r\000\363\000x\000i\000m\000o\000s\000\040\000p\000a\000s\000o\000s}{chapter.126}% 50
\BOOKMARK [0][-]{appendix*.129}{\376\377\000B\000i\000b\000l\000i\000o\000g\000r\000a\000f\000\355\000a}{}% 51
